2026-03-27 16:58:38,438 - INFO - Connected to DB. Session_key: EDGCEGHBFDDBKGOFGALCLEKBJCMHNAKAEEDFDACFPBMELEOFIBPHFDGGBHLDMHKDBCPELAMECAAHJCJA
2026-03-27 16:58:38,439 - INFO - PSS-aiR connected to pss_moma_08_07_2025 as Administrator
2026-03-27 16:58:38,486 - DEBUG - [PERF] get_folder_tree: 0.039s, 0 DB queries
2026-03-27 16:58:46,304 - DEBUG - [APL] Folder content items: SELECT NO_CASE
    Ext_
    FROM
    Ext_{#815889}
    END_SELECT
2026-03-27 16:58:46,345 - DEBUG - [APL] result: count_all=1
2026-03-27 16:58:46,346 - DEBUG - [APL] Products for folder items: SELECT NO_CASE
    Ext_
    FROM
    Ext_{#815890}
    END_SELECT
2026-03-27 16:58:46,383 - DEBUG - [APL] result: count_all=1
2026-03-27 16:58:46,431 - DEBUG - [APL] BOM children count: SELECT NO_CASE Ext_ FROM Ext_{apl_quantified_assembly_component_usage+next_assembly_usage_occurrence(.relating_product_definition = #815889)} END_SELECT
2026-03-27 16:58:46,463 - DEBUG - [APL] result: count_all=18
2026-03-27 16:58:46,463 - DEBUG - [PERF] get_folder_contents: 0.197s, 3 DB queries
2026-03-27 16:58:47,811 - DEBUG - [APL] PDF info: SELECT NO_CASE
    Ext_
    FROM
    Ext_{#815889}
    END_SELECT
2026-03-27 16:58:47,844 - DEBUG - [APL] result: count_all=1
2026-03-27 16:58:47,845 - DEBUG - [APL] Product for PDF: SELECT NO_CASE
    Ext_
    FROM
    Ext_{#815890}
    END_SELECT
2026-03-27 16:58:47,878 - DEBUG - [APL] result: count_all=1
2026-03-27 16:58:47,914 - ERROR - Query error: HTTP 400, body: {
	"_processingTime":"00:00:00.000",
	"error_description":[
		"Throw: Ошибка в тексте запроса в строке 4 позиция 37 :Ожидается имя энтити; Текст запроса:\nSELECT NO_CASE\n        Ext_\n        FROM\n        Ext_{apl_property_definition(.definition = #815889)}\n        END_SELECT"
	],
	"_processingStart":"27.03.2026 16:58:47.912 "
}
2026-03-27 16:58:47,915 - ERROR - Query error: 400 Client Error: Bad Request for url: http://localhost:7239/rest/query
2026-03-27 16:58:47,915 - ERROR - Response status: 400, body: {
	"_processingTime":"00:00:00.000",
	"error_description":[
		"Throw: Ошибка в тексте запроса в строке 4 позиция 37 :Ожидается имя энтити; Текст запроса:\nSELECT NO_CASE\n        Ext_\n        FROM\n        Ext_{apl_property_definition(.definition = #815889)}\n        END_SELECT"
	],
	"_processingStart":"27.03.2026 16:58:47.912 "
}
2026-03-27 16:58:47,916 - DEBUG - [APL] Document refs for product: SELECT NO_CASE
            Ext_
            FROM
            Ext_{apl_document_reference(.item = #815889)}
            END_SELECT
2026-03-27 16:58:47,951 - DEBUG - [APL] result: count_all=0
2026-03-27 16:58:47,952 - DEBUG - [PERF] get_product_details: 0.142s, 3 DB queries
2026-03-27 16:58:48,274 - DEBUG - [APL] PDF info: SELECT NO_CASE
    Ext_
    FROM
    Ext_{#815889}
    END_SELECT
2026-03-27 16:58:48,298 - DEBUG - [APL] result: count_all=1
2026-03-27 16:58:48,299 - DEBUG - [APL] Product for PDF: SELECT NO_CASE
    Ext_
    FROM
    Ext_{#815890}
    END_SELECT
2026-03-27 16:58:48,335 - DEBUG - [APL] result: count_all=1
2026-03-27 16:58:48,336 - DEBUG - [APL] BOM level 1: SELECT NO_CASE Ext_ FROM Ext_{apl_quantified_assembly_component_usage+next_assembly_usage_occurrence(.relating_product_definition = #815889)} END_SELECT
2026-03-27 16:58:48,368 - DEBUG - [APL] result: count_all=18
2026-03-27 16:58:48,369 - DEBUG - [APL] Units level 1: SELECT NO_CASE
    Ext_
    FROM
    Ext_{#4929, #4951}
    END_SELECT
2026-03-27 16:58:48,397 - DEBUG - [APL] result: count_all=2
2026-03-27 16:58:48,397 - DEBUG - [APL] Child PDFs level 1: SELECT NO_CASE
    Ext_
    FROM
    Ext_{#99552, #90433, #105282, #90430, #78567, #100104, #90153, #100106, #78507, #78526, #93038, #102286, #78361, #78514, #78456, #102297, #102270, #90143}
    END_
2026-03-27 16:58:48,442 - DEBUG - [APL] result: count_all=18
2026-03-27 16:58:48,443 - DEBUG - [APL] Products level 1: SELECT NO_CASE
    Ext_
    FROM
    Ext_{#77614, #77748, #77189, #77180, #77168, #77239, #89383, #89386, #89672, #89668, #92235, #98733, #99980, #99979, #101428, #101441, #101448, #104350}
    END_SE
2026-03-27 16:58:48,473 - DEBUG - [APL] result: count_all=18
2026-03-27 16:58:48,474 - DEBUG - [APL] BOM level 2: SELECT NO_CASE Ext_ FROM Ext_{apl_quantified_assembly_component_usage+next_assembly_usage_occurrence(.relating_product_definition IN (#78507, #100104, #100106, #99552, #102270, #93038, #102286, #90153
2026-03-27 16:58:48,506 - DEBUG - [PERF] get_product_tree: 0.232s, 7 DB queries
2026-03-27 16:58:55,486 - DEBUG - [APL] PDF info: SELECT NO_CASE
    Ext_
    FROM
    Ext_{#100104}
    END_SELECT
2026-03-27 16:58:55,522 - DEBUG - [APL] result: count_all=1
2026-03-27 16:58:55,523 - DEBUG - [APL] Product for PDF: SELECT NO_CASE
    Ext_
    FROM
    Ext_{#99980}
    END_SELECT
2026-03-27 16:58:55,556 - DEBUG - [APL] result: count_all=1
2026-03-27 16:58:55,593 - ERROR - Query error: HTTP 400, body: {
	"_processingTime":"00:00:00.000",
	"error_description":[
		"Throw: Ошибка в тексте запроса в строке 4 позиция 37 :Ожидается имя энтити; Текст запроса:\nSELECT NO_CASE\n        Ext_\n        FROM\n        Ext_{apl_property_definition(.definition = #100104)}\n        END_SELECT"
	],
	"_processingStart":"27.03.2026 16:58:55.591 "
}
2026-03-27 16:58:55,594 - ERROR - Query error: 400 Client Error: Bad Request for url: http://localhost:7239/rest/query
2026-03-27 16:58:55,594 - ERROR - Response status: 400, body: {
	"_processingTime":"00:00:00.000",
	"error_description":[
		"Throw: Ошибка в тексте запроса в строке 4 позиция 37 :Ожидается имя энтити; Текст запроса:\nSELECT NO_CASE\n        Ext_\n        FROM\n        Ext_{apl_property_definition(.definition = #100104)}\n        END_SELECT"
	],
	"_processingStart":"27.03.2026 16:58:55.591 "
}
2026-03-27 16:58:55,595 - DEBUG - [APL] Document refs for product: SELECT NO_CASE
            Ext_
            FROM
            Ext_{apl_document_reference(.item = #100104)}
            END_SELECT
2026-03-27 16:58:55,629 - DEBUG - [APL] result: count_all=0
2026-03-27 16:58:55,630 - DEBUG - [PERF] get_product_details: 0.143s, 3 DB queries
2026-03-27 16:58:55,804 - DEBUG - [APL] PDF full info: SELECT NO_CASE
    Ext_
    FROM
    Ext_{#100104}
    END_SELECT
2026-03-27 16:58:55,834 - DEBUG - [APL] result: count_all=1
2026-03-27 16:58:55,834 - DEBUG - [APL] Product for full info: SELECT NO_CASE
    Ext_
    FROM
    Ext_{#99980}
    END_SELECT
2026-03-27 16:58:55,868 - DEBUG - [APL] result: count_all=1
2026-03-27 16:58:55,869 - DEBUG - [PERF] get_product_full_info: 0.065s, 2 DB queries
2026-03-27 16:58:57,529 - DEBUG - [APL] PDF info: SELECT NO_CASE
    Ext_
    FROM
    Ext_{#815889}
    END_SELECT
2026-03-27 16:58:57,535 - DEBUG - [APL] PDF full info: SELECT NO_CASE
    Ext_
    FROM
    Ext_{#815889}
    END_SELECT
2026-03-27 16:58:57,568 - DEBUG - [APL] result: count_all=1
2026-03-27 16:58:57,569 - DEBUG - [APL] Product for PDF: SELECT NO_CASE
    Ext_
    FROM
    Ext_{#815890}
    END_SELECT
2026-03-27 16:58:57,579 - DEBUG - [APL] result: count_all=1
2026-03-27 16:58:57,580 - DEBUG - [APL] Product for full info: SELECT NO_CASE
    Ext_
    FROM
    Ext_{#815890}
    END_SELECT
2026-03-27 16:58:57,628 - DEBUG - [APL] result: count_all=1
2026-03-27 16:58:57,633 - DEBUG - [APL] result: count_all=1
2026-03-27 16:58:57,634 - DEBUG - [PERF] get_product_full_info: 0.100s, 2 DB queries
2026-03-27 16:58:57,681 - ERROR - Query error: HTTP 400, body: {
	"_processingTime":"00:00:00.000",
	"error_description":[
		"Throw: Ошибка в тексте запроса в строке 4 позиция 37 :Ожидается имя энтити; Текст запроса:\nSELECT NO_CASE\n        Ext_\n        FROM\n        Ext_{apl_property_definition(.definition = #815889)}\n        END_SELECT"
	],
	"_processingStart":"27.03.2026 16:58:57.679 "
}
2026-03-27 16:58:57,682 - ERROR - Query error: 400 Client Error: Bad Request for url: http://localhost:7239/rest/query
2026-03-27 16:58:57,684 - ERROR - Response status: 400, body: {
	"_processingTime":"00:00:00.000",
	"error_description":[
		"Throw: Ошибка в тексте запроса в строке 4 позиция 37 :Ожидается имя энтити; Текст запроса:\nSELECT NO_CASE\n        Ext_\n        FROM\n        Ext_{apl_property_definition(.definition = #815889)}\n        END_SELECT"
	],
	"_processingStart":"27.03.2026 16:58:57.679 "
}
2026-03-27 16:58:57,685 - DEBUG - [APL] Document refs for product: SELECT NO_CASE
            Ext_
            FROM
            Ext_{apl_document_reference(.item = #815889)}
            END_SELECT
2026-03-27 16:58:57,717 - DEBUG - [APL] result: count_all=0
2026-03-27 16:58:57,718 - DEBUG - [PERF] get_product_details: 0.189s, 3 DB queries
