2026-03-27 16:01:30,334 - ERROR - Query error: HTTP 400, body: {
	"_processingTime":"00:00:00.000",
	"error_description":[
		"Throw: Ошибка в тексте запроса в строке 4 позиция 37 :Ожидается имя энтити; Текст запроса:\nSELECT NO_CASE\n        Ext_\n        FROM\n        Ext_{apl_property_definition(.definition = #815889)}\n        END_SELECT"
	],
	"_processingStart":"27.03.2026 16:01:30.332 "
}
2026-03-27 16:01:30,334 - ERROR - Query error: 400 Client Error: Bad Request for url: http://localhost:7239/rest/query
2026-03-27 16:01:30,334 - ERROR - Response status: 400, body: {
	"_processingTime":"00:00:00.000",
	"error_description":[
		"Throw: Ошибка в тексте запроса в строке 4 позиция 37 :Ожидается имя энтити; Текст запроса:\nSELECT NO_CASE\n        Ext_\n        FROM\n        Ext_{apl_property_definition(.definition = #815889)}\n        END_SELECT"
	],
	"_processingStart":"27.03.2026 16:01:30.332 "
}
2026-03-27 16:01:30,706 - ERROR - Query error: HTTP 400, body: {
	"_processingTime":"00:00:00.000",
	"error_description":[
		"Throw: Ошибка в тексте запроса в строке 4 позиция 37 :Ожидается имя энтити; Текст запроса:\nSELECT NO_CASE\n        Ext_\n        FROM\n        Ext_{apl_property_definition(.definition = #815889)}\n        END_SELECT"
	],
	"_processingStart":"27.03.2026 16:01:30.704 "
}
2026-03-27 16:01:30,707 - ERROR - Query error: 400 Client Error: Bad Request for url: http://localhost:7239/rest/query
2026-03-27 16:01:30,707 - ERROR - Response status: 400, body: {
	"_processingTime":"00:00:00.000",
	"error_description":[
		"Throw: Ошибка в тексте запроса в строке 4 позиция 37 :Ожидается имя энтити; Текст запроса:\nSELECT NO_CASE\n        Ext_\n        FROM\n        Ext_{apl_property_definition(.definition = #815889)}\n        END_SELECT"
	],
	"_processingStart":"27.03.2026 16:01:30.704 "
}
2026-03-27 16:01:30,840 - ERROR - Query error: HTTP 400, body: {
	"_processingTime":"00:00:00.000",
	"error_description":[
		"Throw: Ошибка в тексте запроса в строке 4 позиция 37 :Ожидается имя энтити; Текст запроса:\nSELECT NO_CASE\n        Ext_\n        FROM\n        Ext_{apl_property_definition(.definition = #815889)}\n        END_SELECT"
	],
	"_processingStart":"27.03.2026 16:01:30.838 "
}
2026-03-27 16:01:30,841 - ERROR - Query error: 400 Client Error: Bad Request for url: http://localhost:7239/rest/query
2026-03-27 16:01:30,842 - ERROR - Response status: 400, body: {
	"_processingTime":"00:00:00.000",
	"error_description":[
		"Throw: Ошибка в тексте запроса в строке 4 позиция 37 :Ожидается имя энтити; Текст запроса:\nSELECT NO_CASE\n        Ext_\n        FROM\n        Ext_{apl_property_definition(.definition = #815889)}\n        END_SELECT"
	],
	"_processingStart":"27.03.2026 16:01:30.838 "
}
